<?xml version="1.0" encoding="UTF-8"?>
<!-- Generated by org.testng.reporters.JUnitXMLReporter -->
<testsuite hostname="DELL-PC" name="Test2" tests="6" failures="0" timestamp="16 Mar 2019 07:46:33 GMT" time="0.055" errors="0">
  <testcase name="test1" time="0.012" classname="scripts.testng.TestNGConfig3"/>
  <testcase name="test2" time="0.003" classname="scripts.testng.TestNGConfig3"/>
  <testcase name="test3" time="0.002" classname="scripts.testng.TestNGConfig3"/>
  <testcase name="test1" time="0.002" classname="scripts.testng.TestNGConfig4"/>
  <testcase name="test2" time="0.002" classname="scripts.testng.TestNGConfig4"/>
  <testcase name="test3" time="0.001" classname="scripts.testng.TestNGConfig4"/>
</testsuite> <!-- Test2 -->
