<?xml version="1.0" encoding="UTF-8"?>
<!-- Generated by org.testng.reporters.JUnitXMLReporter -->
<testsuite hostname="DELL-PC" name="Test1" tests="6" failures="0" timestamp="16 Mar 2019 07:46:33 GMT" time="0.098" errors="0">
  <testcase name="test1" time="0.01" classname="scripts.testng.TestNGConfig1"/>
  <testcase name="test2" time="0.002" classname="scripts.testng.TestNGConfig1"/>
  <testcase name="test3" time="0.003" classname="scripts.testng.TestNGConfig1"/>
  <testcase name="test1" time="0.002" classname="scripts.testng.TestNGConfig2"/>
  <testcase name="test2" time="0.004" classname="scripts.testng.TestNGConfig2"/>
  <testcase name="test3" time="0.004" classname="scripts.testng.TestNGConfig2"/>
</testsuite> <!-- Test1 -->
